09:19:42.796 [main] INFO  framework.utils.Log - ++++++++++++++++++++++++++++++++++++++++++++++
09:19:42.800 [main] INFO  framework.utils.Log - Start test case : loginTest
09:19:42.801 [main] INFO  framework.utils.Log - Start time : 2024.07.08.09.19.42
09:19:42.801 [main] INFO  framework.utils.Log - ++++++++++++++++++++++++++++++++++++++++++++++
09:19:43.645 [main] INFO  framework.utils.Log - call method <click()> on element [[ChromeDriver: chrome on mac (7aaff411ffabc7cff5786557bc33a06c)] -> link text: My account]
09:19:43.945 [main] INFO  framework.utils.Log - call method <wait for visibility()> on element [[ChromeDriver: chrome on mac (7aaff411ffabc7cff5786557bc33a06c)] -> link text: My account]
09:19:52.871 [main] INFO  framework.utils.Log - method <click()> finished[[ChromeDriver: chrome on mac (7aaff411ffabc7cff5786557bc33a06c)] -> link text: My account]
09:19:52.894 [main] INFO  framework.utils.Log - call method <sendKeys()> on element [[ChromeDriver: chrome on mac (7aaff411ffabc7cff5786557bc33a06c)] -> id: username]
09:19:52.960 [main] INFO  framework.utils.Log - call method <wait for visibility()> on element [[ChromeDriver: chrome on mac (7aaff411ffabc7cff5786557bc33a06c)] -> id: username]
09:19:53.040 [main] INFO  framework.utils.Log - call method <clear()> on element [[ChromeDriver: chrome on mac (7aaff411ffabc7cff5786557bc33a06c)] -> id: username]
09:19:54.066 [main] INFO  framework.utils.Log - method <sendKeys()> finished[[ChromeDriver: chrome on mac (7aaff411ffabc7cff5786557bc33a06c)] -> id: username]
09:19:54.083 [main] INFO  framework.utils.Log - call method <sendKeys()> on element [[ChromeDriver: chrome on mac (7aaff411ffabc7cff5786557bc33a06c)] -> id: password]
09:19:54.103 [main] INFO  framework.utils.Log - call method <wait for visibility()> on element [[ChromeDriver: chrome on mac (7aaff411ffabc7cff5786557bc33a06c)] -> id: password]
09:19:54.259 [main] INFO  framework.utils.Log - call method <clear()> on element [[ChromeDriver: chrome on mac (7aaff411ffabc7cff5786557bc33a06c)] -> id: password]
09:19:54.760 [main] INFO  framework.utils.Log - method <sendKeys()> finished[[ChromeDriver: chrome on mac (7aaff411ffabc7cff5786557bc33a06c)] -> id: password]
09:19:54.788 [main] INFO  framework.utils.Log - call method <click()> on element [[ChromeDriver: chrome on mac (7aaff411ffabc7cff5786557bc33a06c)] -> name: login]
09:19:54.832 [main] INFO  framework.utils.Log - call method <wait for visibility()> on element [[ChromeDriver: chrome on mac (7aaff411ffabc7cff5786557bc33a06c)] -> name: login]
09:19:56.348 [main] INFO  framework.utils.Log - method <click()> finished[[ChromeDriver: chrome on mac (7aaff411ffabc7cff5786557bc33a06c)] -> name: login]
09:20:06.437 [main] ERROR framework.utils.Log - ++++++++++++++++++++++++++++++++++++++++++++++
09:20:06.437 [main] ERROR framework.utils.Log - Failed test case : loginTest
09:20:06.438 [main] ERROR framework.utils.Log - Failed time : 2024.07.08.09.20.06
09:20:06.441 [main] ERROR framework.utils.Log - org.openqa.selenium.NoSuchElementException: no such element: Unable to locate element: {"method":"css selector","selector":".woocommerce\-MyAccount\-content"}
  (Session info: chrome=126.0.6478.127)
For documentation on this error, please visit: https://www.selenium.dev/documentation/webdriver/troubleshooting/errors#no-such-element-exception
Build info: version: '4.20.0', revision: '866c76ca80'
System info: os.name: 'Mac OS X', os.arch: 'x86_64', os.version: '14.5', java.version: '17.0.9'
Driver info: org.openqa.selenium.chrome.ChromeDriver
Command: [7aaff411ffabc7cff5786557bc33a06c, findElement {value=woocommerce-MyAccount-content, using=class name}]
Capabilities {acceptInsecureCerts: false, browserName: chrome, browserVersion: 126.0.6478.127, chrome: {chromedriverVersion: 126.0.6478.126 (d36ace6122e..., userDataDir: /var/folders/h7/59gh0f351jn...}, fedcm:accounts: true, goog:chromeOptions: {debuggerAddress: localhost:61415}, networkConnectionEnabled: false, pageLoadStrategy: normal, platformName: mac, proxy: Proxy(), se:cdp: ws://localhost:61415/devtoo..., se:cdpVersion: 126.0.6478.127, setWindowRect: true, strictFileInteractability: false, timeouts: {implicit: 0, pageLoad: 300000, script: 30000}, unhandledPromptBehavior: dismiss and notify, webauthn:extension:credBlob: true, webauthn:extension:largeBlob: true, webauthn:extension:minPinLength: true, webauthn:extension:prf: true, webauthn:virtualAuthenticators: true}
Session ID: 7aaff411ffabc7cff5786557bc33a06c
09:20:06.441 [main] ERROR framework.utils.Log - ++++++++++++++++++++++++++++++++++++++++++++++
09:20:06.452 [main] INFO  framework.utils.Log - ++++++++++++++++++++++++++++++++++++++++++++++
09:20:06.452 [main] INFO  framework.utils.Log - Start test case : invalidLoginTest
09:20:06.453 [main] INFO  framework.utils.Log - Start time : 2024.07.08.09.20.06
09:20:06.453 [main] INFO  framework.utils.Log - ++++++++++++++++++++++++++++++++++++++++++++++
09:20:06.597 [main] INFO  framework.utils.Log - call method <click()> on element [[ChromeDriver: chrome on mac (7aaff411ffabc7cff5786557bc33a06c)] -> link text: My account]
09:20:06.689 [main] INFO  framework.utils.Log - call method <wait for visibility()> on element [[ChromeDriver: chrome on mac (7aaff411ffabc7cff5786557bc33a06c)] -> link text: My account]
09:20:11.462 [main] INFO  framework.utils.Log - method <click()> finished[[ChromeDriver: chrome on mac (7aaff411ffabc7cff5786557bc33a06c)] -> link text: My account]
09:20:11.497 [main] INFO  framework.utils.Log - call method <sendKeys()> on element [[ChromeDriver: chrome on mac (7aaff411ffabc7cff5786557bc33a06c)] -> id: username]
09:20:11.507 [main] INFO  framework.utils.Log - call method <wait for visibility()> on element [[ChromeDriver: chrome on mac (7aaff411ffabc7cff5786557bc33a06c)] -> id: username]
09:20:11.563 [main] INFO  framework.utils.Log - call method <clear()> on element [[ChromeDriver: chrome on mac (7aaff411ffabc7cff5786557bc33a06c)] -> id: username]
09:20:11.707 [main] INFO  framework.utils.Log - method <sendKeys()> finished[[ChromeDriver: chrome on mac (7aaff411ffabc7cff5786557bc33a06c)] -> id: username]
09:20:11.744 [main] INFO  framework.utils.Log - call method <sendKeys()> on element [[ChromeDriver: chrome on mac (7aaff411ffabc7cff5786557bc33a06c)] -> id: password]
09:20:11.751 [main] INFO  framework.utils.Log - call method <wait for visibility()> on element [[ChromeDriver: chrome on mac (7aaff411ffabc7cff5786557bc33a06c)] -> id: password]
09:20:11.776 [main] INFO  framework.utils.Log - call method <clear()> on element [[ChromeDriver: chrome on mac (7aaff411ffabc7cff5786557bc33a06c)] -> id: password]
09:20:11.895 [main] INFO  framework.utils.Log - method <sendKeys()> finished[[ChromeDriver: chrome on mac (7aaff411ffabc7cff5786557bc33a06c)] -> id: password]
09:20:11.910 [main] INFO  framework.utils.Log - call method <click()> on element [[ChromeDriver: chrome on mac (7aaff411ffabc7cff5786557bc33a06c)] -> name: login]
09:20:11.916 [main] INFO  framework.utils.Log - call method <wait for visibility()> on element [[ChromeDriver: chrome on mac (7aaff411ffabc7cff5786557bc33a06c)] -> name: login]
09:20:16.110 [main] INFO  framework.utils.Log - method <click()> finished[[ChromeDriver: chrome on mac (7aaff411ffabc7cff5786557bc33a06c)] -> name: login]
09:20:26.135 [main] ERROR framework.utils.Log - ++++++++++++++++++++++++++++++++++++++++++++++
09:20:26.136 [main] ERROR framework.utils.Log - Failed test case : invalidLoginTest
09:20:26.136 [main] ERROR framework.utils.Log - Failed time : 2024.07.08.09.20.26
09:20:26.137 [main] ERROR framework.utils.Log - org.openqa.selenium.NoSuchElementException: no such element: Unable to locate element: {"method":"css selector","selector":".woocommerce\-MyAccount\-content"}
  (Session info: chrome=126.0.6478.127)
For documentation on this error, please visit: https://www.selenium.dev/documentation/webdriver/troubleshooting/errors#no-such-element-exception
Build info: version: '4.20.0', revision: '866c76ca80'
System info: os.name: 'Mac OS X', os.arch: 'x86_64', os.version: '14.5', java.version: '17.0.9'
Driver info: org.openqa.selenium.chrome.ChromeDriver
Command: [7aaff411ffabc7cff5786557bc33a06c, findElement {value=woocommerce-MyAccount-content, using=class name}]
Capabilities {acceptInsecureCerts: false, browserName: chrome, browserVersion: 126.0.6478.127, chrome: {chromedriverVersion: 126.0.6478.126 (d36ace6122e..., userDataDir: /var/folders/h7/59gh0f351jn...}, fedcm:accounts: true, goog:chromeOptions: {debuggerAddress: localhost:61415}, networkConnectionEnabled: false, pageLoadStrategy: normal, platformName: mac, proxy: Proxy(), se:cdp: ws://localhost:61415/devtoo..., se:cdpVersion: 126.0.6478.127, setWindowRect: true, strictFileInteractability: false, timeouts: {implicit: 0, pageLoad: 300000, script: 30000}, unhandledPromptBehavior: dismiss and notify, webauthn:extension:credBlob: true, webauthn:extension:largeBlob: true, webauthn:extension:minPinLength: true, webauthn:extension:prf: true, webauthn:virtualAuthenticators: true}
Session ID: 7aaff411ffabc7cff5786557bc33a06c
09:20:26.137 [main] ERROR framework.utils.Log - ++++++++++++++++++++++++++++++++++++++++++++++
